<?xml version="1.0" encoding="UTF-8"?>
<!-- Generated by org.testng.reporters.JUnitReportReporter -->
<testsuite hostname="pc0735" failures="0" tests="1" name="rough.UserRegTest" time="12.964" errors="0" timestamp="2023-06-16T16:40:16 IST" skipped="0">
  <testcase classname="rough.UserRegTest" name="doLogin2" time="12.964"/>
  <system-out/>
</testsuite> <!-- rough.UserRegTest -->
