<?xml version="1.0" encoding="UTF-8"?>
<!-- Generated by org.testng.reporters.JUnitReportReporter -->
<testsuite hostname="pc0735" failures="0" tests="3" name="testcases.AddCustomerTest" time="113.058" errors="0" timestamp="2023-06-21T15:05:05 IST" skipped="1">
  <testcase classname="testcases.AddCustomerTest" name="addCustomerTest" time="14.919"/>
  <system-out/>
  <testcase classname="testcases.AddCustomerTest" name="addCustomerTest" time="0.086">
    <skipped/>
  </testcase> <!-- addCustomerTest -->
  <system-out/>
  <testcase classname="testcases.AddCustomerTest" name="addCustomerTest" time="98.053"/>
  <system-out/>
</testsuite> <!-- testcases.AddCustomerTest -->
