<?xml version="1.0" encoding="UTF-8"?>
<!-- Generated by org.testng.reporters.JUnitReportReporter -->
<testsuite hostname="pc0735" failures="0" tests="3" name="testcases.OpenAccountTest" time="34.627" errors="0" timestamp="2023-06-21T15:05:05 IST" skipped="0">
  <testcase classname="testcases.OpenAccountTest" name="openAccountTest" time="10.043"/>
  <system-out/>
  <testcase classname="testcases.OpenAccountTest" name="openAccountTest" time="14.858"/>
  <system-out/>
  <testcase classname="testcases.OpenAccountTest" name="openAccountTest" time="9.726"/>
  <system-out/>
</testsuite> <!-- testcases.OpenAccountTest -->
