<?xml version="1.0" encoding="UTF-8"?>
<!-- Generated by org.testng.reporters.JUnitReportReporter -->
<testsuite hostname="pc0735" failures="0" tests="1" name="testcases.BankManagerLoginTest" time="10.617" errors="0" timestamp="2023-06-21T15:05:05 IST" skipped="0">
  <testcase classname="testcases.BankManagerLoginTest" name="loginAsBankManager" time="10.617"/>
  <system-out/>
</testsuite> <!-- testcases.BankManagerLoginTest -->
